FINISHED 
{
   "ok":true,
   "errors":[
      
   ],
   "nodes":[
      {
         "messages":[
            {
               "kind":"writeln",
               "message":"phase: SledgeStageTwoNode\n  trm: Canonicalization.size\n  rules:",
               "pos":{
                  "line":7,
                  "offset":94,
                  "end_offset":99,
                  "file":"/tmp/isabelle-achmad.afriza/server_session18082195551759789780/Veritest/test/sledgehammer/SledgeStageTwo.thy"
               }
            },
            {
               "kind":"writeln",
               "message":"Sledgehammering...",
               "pos":{
                  "line":13,
                  "offset":260,
                  "end_offset":272,
                  "file":"/tmp/isabelle-achmad.afriza/server_session18082195551759789780/Veritest/test/sledgehammer/SledgeStageTwo.thy"
               }
            },
            {
               "kind":"writeln",
               "message":"No proof found",
               "pos":{
                  "line":13,
                  "offset":260,
                  "end_offset":272,
                  "file":"/tmp/isabelle-achmad.afriza/server_session18082195551759789780/Veritest/test/sledgehammer/SledgeStageTwo.thy"
               }
            }
         ],
         "exports":[
            
         ],
         "status":{
            "percentage":100,
            "unprocessed":0,
            "running":0,
            "finished":15,
            "failed":0,
            "total":15,
            "consolidated":true,
            "canceled":false,
            "ok":true,
            "warned":0
         },
         "theory_name":"Draft.SledgeStageTwo",
         "node_name":"/tmp/isabelle-achmad.afriza/server_session18082195551759789780/Veritest/test/sledgehammer/SledgeStageTwo.thy"
      }
   ],
   "task":"da9605f0-5b09-47ea-b5c0-93f781eaa99e"
}

FINISHED 
{
   "ok":false,
   "errors":[
      {
         "kind":"error",
         "message":"Outer syntax error\\<^here>: command expected,\nbut identifier endtheory\\<^here> was found",
         "pos":{
            "line":16,
            "offset":282,
            "end_offset":285,
            "file":"/tmp/isabelle-achmad.afriza/server_session16237612311156000983/Veritest/test/sledgehammer/SledgeStageTwo.thy"
         }
      },
      {
         "kind":"error",
         "message":"Bad context for command \"phase\"\\<^here>",
         "pos":{
            "line":24,
            "offset":383,
            "end_offset":388,
            "file":"/tmp/isabelle-achmad.afriza/server_session16237612311156000983/Veritest/test/sledgehammer/SledgeStageTwo.thy"
         }
      },
      {
         "kind":"error",
         "message":"Duplicate constant declaration \"SledgeStageTwo.SubThenSubLeft_code\" vs. \"SledgeStageTwo.SubThenSubLeft_code\"\\<^here>",
         "pos":{
            "line":31,
            "offset":564,
            "end_offset":569,
            "file":"/tmp/isabelle-achmad.afriza/server_session16237612311156000983/Veritest/test/sledgehammer/SledgeStageTwo.thy"
         }
      },
      {
         "kind":"error",
         "message":"Outer syntax error\\<^here>: command expected,\nbut identifier endtheory\\<^here> was found",
         "pos":{
            "line":33,
            "offset":571,
            "end_offset":574,
            "file":"/tmp/isabelle-achmad.afriza/server_session16237612311156000983/Veritest/test/sledgehammer/SledgeStageTwo.thy"
         }
      },
      {
         "kind":"error",
         "message":"Bad context for command \"phase\"\\<^here> -- using reset state",
         "pos":{
            "line":41,
            "offset":672,
            "end_offset":677,
            "file":"/tmp/isabelle-achmad.afriza/server_session16237612311156000983/Veritest/test/sledgehammer/SledgeStageTwo.thy"
         }
      },
      {
         "kind":"error",
         "message":"Bad context for command \"phase\"\\<^here>",
         "pos":{
            "line":41,
            "offset":672,
            "end_offset":677,
            "file":"/tmp/isabelle-achmad.afriza/server_session16237612311156000983/Veritest/test/sledgehammer/SledgeStageTwo.thy"
         }
      },
      {
         "kind":"error",
         "message":"Duplicate constant declaration \"SledgeStageTwo.SubThenSubLeft_code\" vs. \"SledgeStageTwo.SubThenSubLeft_code\"\\<^here>",
         "pos":{
            "line":48,
            "offset":853,
            "end_offset":858,
            "file":"/tmp/isabelle-achmad.afriza/server_session16237612311156000983/Veritest/test/sledgehammer/SledgeStageTwo.thy"
         }
      },
      {
         "kind":"error",
         "message":"Bad context for command \"end\"\\<^here> -- using reset state",
         "pos":{
            "line":50,
            "offset":860,
            "end_offset":863,
            "file":"/tmp/isabelle-achmad.afriza/server_session16237612311156000983/Veritest/test/sledgehammer/SledgeStageTwo.thy"
         }
      }
   ],
   "nodes":[
      {
         "messages":[
            {
               "kind":"writeln",
               "message":"phase: SledgeStageTwoNode\n  trm: Canonicalization.size\n  rules:",
               "pos":{
                  "line":7,
                  "offset":94,
                  "end_offset":99,
                  "file":"/tmp/isabelle-achmad.afriza/server_session16237612311156000983/Veritest/test/sledgehammer/SledgeStageTwo.thy"
               }
            },
            {
               "kind":"writeln",
               "message":"Sledgehammering...",
               "pos":{
                  "line":13,
                  "offset":260,
                  "end_offset":272,
                  "file":"/tmp/isabelle-achmad.afriza/server_session16237612311156000983/Veritest/test/sledgehammer/SledgeStageTwo.thy"
               }
            },
            {
               "kind":"writeln",
               "message":"No proof found",
               "pos":{
                  "line":13,
                  "offset":260,
                  "end_offset":272,
                  "file":"/tmp/isabelle-achmad.afriza/server_session16237612311156000983/Veritest/test/sledgehammer/SledgeStageTwo.thy"
               }
            },
            {
               "kind":"error",
               "message":"Outer syntax error\\<^here>: command expected,\nbut identifier endtheory\\<^here> was found",
               "pos":{
                  "line":16,
                  "offset":282,
                  "end_offset":285,
                  "file":"/tmp/isabelle-achmad.afriza/server_session16237612311156000983/Veritest/test/sledgehammer/SledgeStageTwo.thy"
               }
            },
            {
               "kind":"error",
               "message":"Bad context for command \"phase\"\\<^here>",
               "pos":{
                  "line":24,
                  "offset":383,
                  "end_offset":388,
                  "file":"/tmp/isabelle-achmad.afriza/server_session16237612311156000983/Veritest/test/sledgehammer/SledgeStageTwo.thy"
               }
            },
            {
               "kind":"writeln",
               "message":"Sledgehammering...",
               "pos":{
                  "line":30,
                  "offset":549,
                  "end_offset":561,
                  "file":"/tmp/isabelle-achmad.afriza/server_session16237612311156000983/Veritest/test/sledgehammer/SledgeStageTwo.thy"
               }
            },
            {
               "kind":"writeln",
               "message":"cvc4 found a proof...",
               "pos":{
                  "line":30,
                  "offset":549,
                  "end_offset":561,
                  "file":"/tmp/isabelle-achmad.afriza/server_session16237612311156000983/Veritest/test/sledgehammer/SledgeStageTwo.thy"
               }
            },
            {
               "kind":"writeln",
               "message":"cvc4: Try this: using SubThenSubLeft(1) rewrite_preservation.simps(1) by blast (1 ms)",
               "pos":{
                  "line":30,
                  "offset":549,
                  "end_offset":561,
                  "file":"/tmp/isabelle-achmad.afriza/server_session16237612311156000983/Veritest/test/sledgehammer/SledgeStageTwo.thy"
               }
            },
            {
               "kind":"writeln",
               "message":"vampire found a proof...",
               "pos":{
                  "line":30,
                  "offset":549,
                  "end_offset":561,
                  "file":"/tmp/isabelle-achmad.afriza/server_session16237612311156000983/Veritest/test/sledgehammer/SledgeStageTwo.thy"
               }
            },
            {
               "kind":"writeln",
               "message":"vampire: Try this: by (meson SubThenSubLeft(1) rewrite_preservation.simps(1)) (4 ms)",
               "pos":{
                  "line":30,
                  "offset":549,
                  "end_offset":561,
                  "file":"/tmp/isabelle-achmad.afriza/server_session16237612311156000983/Veritest/test/sledgehammer/SledgeStageTwo.thy"
               }
            },
            {
               "kind":"writeln",
               "message":"verit found a proof...",
               "pos":{
                  "line":30,
                  "offset":549,
                  "end_offset":561,
                  "file":"/tmp/isabelle-achmad.afriza/server_session16237612311156000983/Veritest/test/sledgehammer/SledgeStageTwo.thy"
               }
            },
            {
               "kind":"writeln",
               "message":"verit: Found duplicate proof",
               "pos":{
                  "line":30,
                  "offset":549,
                  "end_offset":561,
                  "file":"/tmp/isabelle-achmad.afriza/server_session16237612311156000983/Veritest/test/sledgehammer/SledgeStageTwo.thy"
               }
            },
            {
               "kind":"writeln",
               "message":"spass found a proof...",
               "pos":{
                  "line":30,
                  "offset":549,
                  "end_offset":561,
                  "file":"/tmp/isabelle-achmad.afriza/server_session16237612311156000983/Veritest/test/sledgehammer/SledgeStageTwo.thy"
               }
            },
            {
               "kind":"writeln",
               "message":"spass: Found duplicate proof",
               "pos":{
                  "line":30,
                  "offset":549,
                  "end_offset":561,
                  "file":"/tmp/isabelle-achmad.afriza/server_session16237612311156000983/Veritest/test/sledgehammer/SledgeStageTwo.thy"
               }
            },
            {
               "kind":"writeln",
               "message":"Done",
               "pos":{
                  "line":30,
                  "offset":549,
                  "end_offset":561,
                  "file":"/tmp/isabelle-achmad.afriza/server_session16237612311156000983/Veritest/test/sledgehammer/SledgeStageTwo.thy"
               }
            },
            {
               "kind":"error",
               "message":"Duplicate constant declaration \"SledgeStageTwo.SubThenSubLeft_code\" vs. \"SledgeStageTwo.SubThenSubLeft_code\"\\<^here>",
               "pos":{
                  "line":31,
                  "offset":564,
                  "end_offset":569,
                  "file":"/tmp/isabelle-achmad.afriza/server_session16237612311156000983/Veritest/test/sledgehammer/SledgeStageTwo.thy"
               }
            },
            {
               "kind":"error",
               "message":"Outer syntax error\\<^here>: command expected,\nbut identifier endtheory\\<^here> was found",
               "pos":{
                  "line":33,
                  "offset":571,
                  "end_offset":574,
                  "file":"/tmp/isabelle-achmad.afriza/server_session16237612311156000983/Veritest/test/sledgehammer/SledgeStageTwo.thy"
               }
            },
            {
               "kind":"error",
               "message":"Bad context for command \"phase\"\\<^here> -- using reset state",
               "pos":{
                  "line":41,
                  "offset":672,
                  "end_offset":677,
                  "file":"/tmp/isabelle-achmad.afriza/server_session16237612311156000983/Veritest/test/sledgehammer/SledgeStageTwo.thy"
               }
            },
            {
               "kind":"error",
               "message":"Bad context for command \"phase\"\\<^here>",
               "pos":{
                  "line":41,
                  "offset":672,
                  "end_offset":677,
                  "file":"/tmp/isabelle-achmad.afriza/server_session16237612311156000983/Veritest/test/sledgehammer/SledgeStageTwo.thy"
               }
            },
            {
               "kind":"writeln",
               "message":"Sledgehammering...",
               "pos":{
                  "line":47,
                  "offset":838,
                  "end_offset":850,
                  "file":"/tmp/isabelle-achmad.afriza/server_session16237612311156000983/Veritest/test/sledgehammer/SledgeStageTwo.thy"
               }
            },
            {
               "kind":"writeln",
               "message":"cvc4 found a proof...",
               "pos":{
                  "line":47,
                  "offset":838,
                  "end_offset":850,
                  "file":"/tmp/isabelle-achmad.afriza/server_session16237612311156000983/Veritest/test/sledgehammer/SledgeStageTwo.thy"
               }
            },
            {
               "kind":"writeln",
               "message":"cvc4: Try this: using SubThenSubLeft(1) rewrite_preservation.simps(1) by blast (0.9 ms)",
               "pos":{
                  "line":47,
                  "offset":838,
                  "end_offset":850,
                  "file":"/tmp/isabelle-achmad.afriza/server_session16237612311156000983/Veritest/test/sledgehammer/SledgeStageTwo.thy"
               }
            },
            {
               "kind":"writeln",
               "message":"vampire found a proof...",
               "pos":{
                  "line":47,
                  "offset":838,
                  "end_offset":850,
                  "file":"/tmp/isabelle-achmad.afriza/server_session16237612311156000983/Veritest/test/sledgehammer/SledgeStageTwo.thy"
               }
            },
            {
               "kind":"writeln",
               "message":"vampire: Found duplicate proof",
               "pos":{
                  "line":47,
                  "offset":838,
                  "end_offset":850,
                  "file":"/tmp/isabelle-achmad.afriza/server_session16237612311156000983/Veritest/test/sledgehammer/SledgeStageTwo.thy"
               }
            },
            {
               "kind":"writeln",
               "message":"verit found a proof...",
               "pos":{
                  "line":47,
                  "offset":838,
                  "end_offset":850,
                  "file":"/tmp/isabelle-achmad.afriza/server_session16237612311156000983/Veritest/test/sledgehammer/SledgeStageTwo.thy"
               }
            },
            {
               "kind":"writeln",
               "message":"verit: Found duplicate proof",
               "pos":{
                  "line":47,
                  "offset":838,
                  "end_offset":850,
                  "file":"/tmp/isabelle-achmad.afriza/server_session16237612311156000983/Veritest/test/sledgehammer/SledgeStageTwo.thy"
               }
            },
            {
               "kind":"writeln",
               "message":"spass found a proof...",
               "pos":{
                  "line":47,
                  "offset":838,
                  "end_offset":850,
                  "file":"/tmp/isabelle-achmad.afriza/server_session16237612311156000983/Veritest/test/sledgehammer/SledgeStageTwo.thy"
               }
            },
            {
               "kind":"writeln",
               "message":"spass: Found duplicate proof",
               "pos":{
                  "line":47,
                  "offset":838,
                  "end_offset":850,
                  "file":"/tmp/isabelle-achmad.afriza/server_session16237612311156000983/Veritest/test/sledgehammer/SledgeStageTwo.thy"
               }
            },
            {
               "kind":"writeln",
               "message":"Done",
               "pos":{
                  "line":47,
                  "offset":838,
                  "end_offset":850,
                  "file":"/tmp/isabelle-achmad.afriza/server_session16237612311156000983/Veritest/test/sledgehammer/SledgeStageTwo.thy"
               }
            },
            {
               "kind":"error",
               "message":"Duplicate constant declaration \"SledgeStageTwo.SubThenSubLeft_code\" vs. \"SledgeStageTwo.SubThenSubLeft_code\"\\<^here>",
               "pos":{
                  "line":48,
                  "offset":853,
                  "end_offset":858,
                  "file":"/tmp/isabelle-achmad.afriza/server_session16237612311156000983/Veritest/test/sledgehammer/SledgeStageTwo.thy"
               }
            },
            {
               "kind":"error",
               "message":"Bad context for command \"end\"\\<^here> -- using reset state",
               "pos":{
                  "line":50,
                  "offset":860,
                  "end_offset":863,
                  "file":"/tmp/isabelle-achmad.afriza/server_session16237612311156000983/Veritest/test/sledgehammer/SledgeStageTwo.thy"
               }
            }
         ],
         "exports":[
            
         ],
         "status":{
            "percentage":100,
            "unprocessed":0,
            "running":0,
            "finished":32,
            "failed":7,
            "total":39,
            "consolidated":true,
            "canceled":false,
            "ok":false,
            "warned":0
         },
         "theory_name":"Draft.SledgeStageTwo",
         "node_name":"/tmp/isabelle-achmad.afriza/server_session16237612311156000983/Veritest/test/sledgehammer/SledgeStageTwo.thy"
      }
   ],
   "task":"2e6111ef-7183-4d76-ad80-e9c755e07727"
}

FINISHED 

{
   "ok":false,
   "errors":[
      {
         "kind":"error",
         "message":"Outer syntax error\\<^here>: command expected,\nbut identifier endtheory\\<^here> was found",
         "pos":{
            "line":16,
            "offset":282,
            "end_offset":285,
            "file":"/tmp/isabelle-achmad.afriza/server_session16237612311156000983/Veritest/test/sledgehammer/SledgeStageTwo.thy"
         }
      },
      {
         "kind":"error",
         "message":"Bad context for command \"phase\"\\<^here>",
         "pos":{
            "line":24,
            "offset":383,
            "end_offset":388,
            "file":"/tmp/isabelle-achmad.afriza/server_session16237612311156000983/Veritest/test/sledgehammer/SledgeStageTwo.thy"
         }
      },
      {
         "kind":"error",
         "message":"Duplicate constant declaration \"SledgeStageTwo.SubThenSubLeft_code\" vs. \"SledgeStageTwo.SubThenSubLeft_code\"\\<^here>",
         "pos":{
            "line":31,
            "offset":564,
            "end_offset":569,
            "file":"/tmp/isabelle-achmad.afriza/server_session16237612311156000983/Veritest/test/sledgehammer/SledgeStageTwo.thy"
         }
      },
      {
         "kind":"error",
         "message":"Outer syntax error\\<^here>: command expected,\nbut identifier endtheory\\<^here> was found",
         "pos":{
            "line":33,
            "offset":571,
            "end_offset":574,
            "file":"/tmp/isabelle-achmad.afriza/server_session16237612311156000983/Veritest/test/sledgehammer/SledgeStageTwo.thy"
         }
      },
      {
         "kind":"error",
         "message":"Bad context for command \"phase\"\\<^here> -- using reset state",
         "pos":{
            "line":41,
            "offset":672,
            "end_offset":677,
            "file":"/tmp/isabelle-achmad.afriza/server_session16237612311156000983/Veritest/test/sledgehammer/SledgeStageTwo.thy"
         }
      },
      {
         "kind":"error",
         "message":"Bad context for command \"phase\"\\<^here>",
         "pos":{
            "line":41,
            "offset":672,
            "end_offset":677,
            "file":"/tmp/isabelle-achmad.afriza/server_session16237612311156000983/Veritest/test/sledgehammer/SledgeStageTwo.thy"
         }
      },
      {
         "kind":"error",
         "message":"Duplicate constant declaration \"SledgeStageTwo.SubThenSubLeft_code\" vs. \"SledgeStageTwo.SubThenSubLeft_code\"\\<^here>",
         "pos":{
            "line":48,
            "offset":853,
            "end_offset":858,
            "file":"/tmp/isabelle-achmad.afriza/server_session16237612311156000983/Veritest/test/sledgehammer/SledgeStageTwo.thy"
         }
      },
      {
         "kind":"error",
         "message":"Outer syntax error\\<^here>: command expected,\nbut identifier endtheory\\<^here> was found",
         "pos":{
            "line":50,
            "offset":860,
            "end_offset":863,
            "file":"/tmp/isabelle-achmad.afriza/server_session16237612311156000983/Veritest/test/sledgehammer/SledgeStageTwo.thy"
         }
      },
      {
         "kind":"error",
         "message":"Bad context for command \"phase\"\\<^here> -- using reset state",
         "pos":{
            "line":58,
            "offset":961,
            "end_offset":966,
            "file":"/tmp/isabelle-achmad.afriza/server_session16237612311156000983/Veritest/test/sledgehammer/SledgeStageTwo.thy"
         }
      },
      {
         "kind":"error",
         "message":"Bad context for command \"phase\"\\<^here>",
         "pos":{
            "line":58,
            "offset":961,
            "end_offset":966,
            "file":"/tmp/isabelle-achmad.afriza/server_session16237612311156000983/Veritest/test/sledgehammer/SledgeStageTwo.thy"
         }
      },
      {
         "kind":"error",
         "message":"Duplicate constant declaration \"SledgeStageTwo.SubThenSubLeft_code\" vs. \"SledgeStageTwo.SubThenSubLeft_code\"\\<^here>",
         "pos":{
            "line":65,
            "offset":1142,
            "end_offset":1147,
            "file":"/tmp/isabelle-achmad.afriza/server_session16237612311156000983/Veritest/test/sledgehammer/SledgeStageTwo.thy"
         }
      },
      {
         "kind":"error",
         "message":"Bad context for command \"end\"\\<^here> -- using reset state",
         "pos":{
            "line":67,
            "offset":1149,
            "end_offset":1152,
            "file":"/tmp/isabelle-achmad.afriza/server_session16237612311156000983/Veritest/test/sledgehammer/SledgeStageTwo.thy"
         }
      }
   ],
   "nodes":[
      {
         "messages":[
            {
               "kind":"writeln",
               "message":"phase: SledgeStageTwoNode\n  trm: Canonicalization.size\n  rules:",
               "pos":{
                  "line":7,
                  "offset":94,
                  "end_offset":99,
                  "file":"/tmp/isabelle-achmad.afriza/server_session16237612311156000983/Veritest/test/sledgehammer/SledgeStageTwo.thy"
               }
            },
            {
               "kind":"writeln",
               "message":"Sledgehammering...",
               "pos":{
                  "line":13,
                  "offset":260,
                  "end_offset":272,
                  "file":"/tmp/isabelle-achmad.afriza/server_session16237612311156000983/Veritest/test/sledgehammer/SledgeStageTwo.thy"
               }
            },
            {
               "kind":"writeln",
               "message":"No proof found",
               "pos":{
                  "line":13,
                  "offset":260,
                  "end_offset":272,
                  "file":"/tmp/isabelle-achmad.afriza/server_session16237612311156000983/Veritest/test/sledgehammer/SledgeStageTwo.thy"
               }
            },
            {
               "kind":"error",
               "message":"Outer syntax error\\<^here>: command expected,\nbut identifier endtheory\\<^here> was found",
               "pos":{
                  "line":16,
                  "offset":282,
                  "end_offset":285,
                  "file":"/tmp/isabelle-achmad.afriza/server_session16237612311156000983/Veritest/test/sledgehammer/SledgeStageTwo.thy"
               }
            },
            {
               "kind":"error",
               "message":"Bad context for command \"phase\"\\<^here>",
               "pos":{
                  "line":24,
                  "offset":383,
                  "end_offset":388,
                  "file":"/tmp/isabelle-achmad.afriza/server_session16237612311156000983/Veritest/test/sledgehammer/SledgeStageTwo.thy"
               }
            },
            {
               "kind":"writeln",
               "message":"Sledgehammering...",
               "pos":{
                  "line":30,
                  "offset":549,
                  "end_offset":561,
                  "file":"/tmp/isabelle-achmad.afriza/server_session16237612311156000983/Veritest/test/sledgehammer/SledgeStageTwo.thy"
               }
            },
            {
               "kind":"writeln",
               "message":"cvc4 found a proof...",
               "pos":{
                  "line":30,
                  "offset":549,
                  "end_offset":561,
                  "file":"/tmp/isabelle-achmad.afriza/server_session16237612311156000983/Veritest/test/sledgehammer/SledgeStageTwo.thy"
               }
            },
            {
               "kind":"writeln",
               "message":"cvc4: Try this: using SubThenSubLeft(1) rewrite_preservation.simps(1) by blast (3 ms)",
               "pos":{
                  "line":30,
                  "offset":549,
                  "end_offset":561,
                  "file":"/tmp/isabelle-achmad.afriza/server_session16237612311156000983/Veritest/test/sledgehammer/SledgeStageTwo.thy"
               }
            },
            {
               "kind":"writeln",
               "message":"vampire found a proof...",
               "pos":{
                  "line":30,
                  "offset":549,
                  "end_offset":561,
                  "file":"/tmp/isabelle-achmad.afriza/server_session16237612311156000983/Veritest/test/sledgehammer/SledgeStageTwo.thy"
               }
            },
            {
               "kind":"writeln",
               "message":"vampire: Found duplicate proof",
               "pos":{
                  "line":30,
                  "offset":549,
                  "end_offset":561,
                  "file":"/tmp/isabelle-achmad.afriza/server_session16237612311156000983/Veritest/test/sledgehammer/SledgeStageTwo.thy"
               }
            },
            {
               "kind":"writeln",
               "message":"verit found a proof...",
               "pos":{
                  "line":30,
                  "offset":549,
                  "end_offset":561,
                  "file":"/tmp/isabelle-achmad.afriza/server_session16237612311156000983/Veritest/test/sledgehammer/SledgeStageTwo.thy"
               }
            },
            {
               "kind":"writeln",
               "message":"verit: Found duplicate proof",
               "pos":{
                  "line":30,
                  "offset":549,
                  "end_offset":561,
                  "file":"/tmp/isabelle-achmad.afriza/server_session16237612311156000983/Veritest/test/sledgehammer/SledgeStageTwo.thy"
               }
            },
            {
               "kind":"writeln",
               "message":"spass found a proof...",
               "pos":{
                  "line":30,
                  "offset":549,
                  "end_offset":561,
                  "file":"/tmp/isabelle-achmad.afriza/server_session16237612311156000983/Veritest/test/sledgehammer/SledgeStageTwo.thy"
               }
            },
            {
               "kind":"writeln",
               "message":"spass: Found duplicate proof",
               "pos":{
                  "line":30,
                  "offset":549,
                  "end_offset":561,
                  "file":"/tmp/isabelle-achmad.afriza/server_session16237612311156000983/Veritest/test/sledgehammer/SledgeStageTwo.thy"
               }
            },
            {
               "kind":"writeln",
               "message":"Done",
               "pos":{
                  "line":30,
                  "offset":549,
                  "end_offset":561,
                  "file":"/tmp/isabelle-achmad.afriza/server_session16237612311156000983/Veritest/test/sledgehammer/SledgeStageTwo.thy"
               }
            },
            {
               "kind":"error",
               "message":"Duplicate constant declaration \"SledgeStageTwo.SubThenSubLeft_code\" vs. \"SledgeStageTwo.SubThenSubLeft_code\"\\<^here>",
               "pos":{
                  "line":31,
                  "offset":564,
                  "end_offset":569,
                  "file":"/tmp/isabelle-achmad.afriza/server_session16237612311156000983/Veritest/test/sledgehammer/SledgeStageTwo.thy"
               }
            },
            {
               "kind":"error",
               "message":"Outer syntax error\\<^here>: command expected,\nbut identifier endtheory\\<^here> was found",
               "pos":{
                  "line":33,
                  "offset":571,
                  "end_offset":574,
                  "file":"/tmp/isabelle-achmad.afriza/server_session16237612311156000983/Veritest/test/sledgehammer/SledgeStageTwo.thy"
               }
            },
            {
               "kind":"error",
               "message":"Bad context for command \"phase\"\\<^here> -- using reset state",
               "pos":{
                  "line":41,
                  "offset":672,
                  "end_offset":677,
                  "file":"/tmp/isabelle-achmad.afriza/server_session16237612311156000983/Veritest/test/sledgehammer/SledgeStageTwo.thy"
               }
            },
            {
               "kind":"error",
               "message":"Bad context for command \"phase\"\\<^here>",
               "pos":{
                  "line":41,
                  "offset":672,
                  "end_offset":677,
                  "file":"/tmp/isabelle-achmad.afriza/server_session16237612311156000983/Veritest/test/sledgehammer/SledgeStageTwo.thy"
               }
            },
            {
               "kind":"writeln",
               "message":"Sledgehammering...",
               "pos":{
                  "line":47,
                  "offset":838,
                  "end_offset":850,
                  "file":"/tmp/isabelle-achmad.afriza/server_session16237612311156000983/Veritest/test/sledgehammer/SledgeStageTwo.thy"
               }
            },
            {
               "kind":"writeln",
               "message":"cvc4 found a proof...",
               "pos":{
                  "line":47,
                  "offset":838,
                  "end_offset":850,
                  "file":"/tmp/isabelle-achmad.afriza/server_session16237612311156000983/Veritest/test/sledgehammer/SledgeStageTwo.thy"
               }
            },
            {
               "kind":"writeln",
               "message":"cvc4: Try this: using SubThenSubLeft(1) rewrite_preservation.simps(1) by blast (1 ms)",
               "pos":{
                  "line":47,
                  "offset":838,
                  "end_offset":850,
                  "file":"/tmp/isabelle-achmad.afriza/server_session16237612311156000983/Veritest/test/sledgehammer/SledgeStageTwo.thy"
               }
            },
            {
               "kind":"writeln",
               "message":"vampire found a proof...",
               "pos":{
                  "line":47,
                  "offset":838,
                  "end_offset":850,
                  "file":"/tmp/isabelle-achmad.afriza/server_session16237612311156000983/Veritest/test/sledgehammer/SledgeStageTwo.thy"
               }
            },
            {
               "kind":"writeln",
               "message":"vampire: Found duplicate proof",
               "pos":{
                  "line":47,
                  "offset":838,
                  "end_offset":850,
                  "file":"/tmp/isabelle-achmad.afriza/server_session16237612311156000983/Veritest/test/sledgehammer/SledgeStageTwo.thy"
               }
            },
            {
               "kind":"writeln",
               "message":"verit found a proof...",
               "pos":{
                  "line":47,
                  "offset":838,
                  "end_offset":850,
                  "file":"/tmp/isabelle-achmad.afriza/server_session16237612311156000983/Veritest/test/sledgehammer/SledgeStageTwo.thy"
               }
            },
            {
               "kind":"writeln",
               "message":"verit: Found duplicate proof",
               "pos":{
                  "line":47,
                  "offset":838,
                  "end_offset":850,
                  "file":"/tmp/isabelle-achmad.afriza/server_session16237612311156000983/Veritest/test/sledgehammer/SledgeStageTwo.thy"
               }
            },
            {
               "kind":"writeln",
               "message":"spass found a proof...",
               "pos":{
                  "line":47,
                  "offset":838,
                  "end_offset":850,
                  "file":"/tmp/isabelle-achmad.afriza/server_session16237612311156000983/Veritest/test/sledgehammer/SledgeStageTwo.thy"
               }
            },
            {
               "kind":"writeln",
               "message":"spass: Found duplicate proof",
               "pos":{
                  "line":47,
                  "offset":838,
                  "end_offset":850,
                  "file":"/tmp/isabelle-achmad.afriza/server_session16237612311156000983/Veritest/test/sledgehammer/SledgeStageTwo.thy"
               }
            },
            {
               "kind":"writeln",
               "message":"Done",
               "pos":{
                  "line":47,
                  "offset":838,
                  "end_offset":850,
                  "file":"/tmp/isabelle-achmad.afriza/server_session16237612311156000983/Veritest/test/sledgehammer/SledgeStageTwo.thy"
               }
            },
            {
               "kind":"error",
               "message":"Duplicate constant declaration \"SledgeStageTwo.SubThenSubLeft_code\" vs. \"SledgeStageTwo.SubThenSubLeft_code\"\\<^here>",
               "pos":{
                  "line":48,
                  "offset":853,
                  "end_offset":858,
                  "file":"/tmp/isabelle-achmad.afriza/server_session16237612311156000983/Veritest/test/sledgehammer/SledgeStageTwo.thy"
               }
            },
            {
               "kind":"error",
               "message":"Outer syntax error\\<^here>: command expected,\nbut identifier endtheory\\<^here> was found",
               "pos":{
                  "line":50,
                  "offset":860,
                  "end_offset":863,
                  "file":"/tmp/isabelle-achmad.afriza/server_session16237612311156000983/Veritest/test/sledgehammer/SledgeStageTwo.thy"
               }
            },
            {
               "kind":"error",
               "message":"Bad context for command \"phase\"\\<^here> -- using reset state",
               "pos":{
                  "line":58,
                  "offset":961,
                  "end_offset":966,
                  "file":"/tmp/isabelle-achmad.afriza/server_session16237612311156000983/Veritest/test/sledgehammer/SledgeStageTwo.thy"
               }
            },
            {
               "kind":"error",
               "message":"Bad context for command \"phase\"\\<^here>",
               "pos":{
                  "line":58,
                  "offset":961,
                  "end_offset":966,
                  "file":"/tmp/isabelle-achmad.afriza/server_session16237612311156000983/Veritest/test/sledgehammer/SledgeStageTwo.thy"
               }
            },
            {
               "kind":"writeln",
               "message":"Sledgehammering...",
               "pos":{
                  "line":64,
                  "offset":1127,
                  "end_offset":1139,
                  "file":"/tmp/isabelle-achmad.afriza/server_session16237612311156000983/Veritest/test/sledgehammer/SledgeStageTwo.thy"
               }
            },
            {
               "kind":"writeln",
               "message":"cvc4 found a proof...",
               "pos":{
                  "line":64,
                  "offset":1127,
                  "end_offset":1139,
                  "file":"/tmp/isabelle-achmad.afriza/server_session16237612311156000983/Veritest/test/sledgehammer/SledgeStageTwo.thy"
               }
            },
            {
               "kind":"writeln",
               "message":"cvc4: Try this: using SubThenSubLeft(1) rewrite_preservation.simps(1) by blast (1 ms)",
               "pos":{
                  "line":64,
                  "offset":1127,
                  "end_offset":1139,
                  "file":"/tmp/isabelle-achmad.afriza/server_session16237612311156000983/Veritest/test/sledgehammer/SledgeStageTwo.thy"
               }
            },
            {
               "kind":"writeln",
               "message":"vampire found a proof...",
               "pos":{
                  "line":64,
                  "offset":1127,
                  "end_offset":1139,
                  "file":"/tmp/isabelle-achmad.afriza/server_session16237612311156000983/Veritest/test/sledgehammer/SledgeStageTwo.thy"
               }
            },
            {
               "kind":"writeln",
               "message":"vampire: Found duplicate proof",
               "pos":{
                  "line":64,
                  "offset":1127,
                  "end_offset":1139,
                  "file":"/tmp/isabelle-achmad.afriza/server_session16237612311156000983/Veritest/test/sledgehammer/SledgeStageTwo.thy"
               }
            },
            {
               "kind":"writeln",
               "message":"verit found a proof...",
               "pos":{
                  "line":64,
                  "offset":1127,
                  "end_offset":1139,
                  "file":"/tmp/isabelle-achmad.afriza/server_session16237612311156000983/Veritest/test/sledgehammer/SledgeStageTwo.thy"
               }
            },
            {
               "kind":"writeln",
               "message":"verit: Found duplicate proof",
               "pos":{
                  "line":64,
                  "offset":1127,
                  "end_offset":1139,
                  "file":"/tmp/isabelle-achmad.afriza/server_session16237612311156000983/Veritest/test/sledgehammer/SledgeStageTwo.thy"
               }
            },
            {
               "kind":"writeln",
               "message":"spass found a proof...",
               "pos":{
                  "line":64,
                  "offset":1127,
                  "end_offset":1139,
                  "file":"/tmp/isabelle-achmad.afriza/server_session16237612311156000983/Veritest/test/sledgehammer/SledgeStageTwo.thy"
               }
            },
            {
               "kind":"writeln",
               "message":"spass: Found duplicate proof",
               "pos":{
                  "line":64,
                  "offset":1127,
                  "end_offset":1139,
                  "file":"/tmp/isabelle-achmad.afriza/server_session16237612311156000983/Veritest/test/sledgehammer/SledgeStageTwo.thy"
               }
            },
            {
               "kind":"writeln",
               "message":"Done",
               "pos":{
                  "line":64,
                  "offset":1127,
                  "end_offset":1139,
                  "file":"/tmp/isabelle-achmad.afriza/server_session16237612311156000983/Veritest/test/sledgehammer/SledgeStageTwo.thy"
               }
            },
            {
               "kind":"error",
               "message":"Duplicate constant declaration \"SledgeStageTwo.SubThenSubLeft_code\" vs. \"SledgeStageTwo.SubThenSubLeft_code\"\\<^here>",
               "pos":{
                  "line":65,
                  "offset":1142,
                  "end_offset":1147,
                  "file":"/tmp/isabelle-achmad.afriza/server_session16237612311156000983/Veritest/test/sledgehammer/SledgeStageTwo.thy"
               }
            },
            {
               "kind":"error",
               "message":"Bad context for command \"end\"\\<^here> -- using reset state",
               "pos":{
                  "line":67,
                  "offset":1149,
                  "end_offset":1152,
                  "file":"/tmp/isabelle-achmad.afriza/server_session16237612311156000983/Veritest/test/sledgehammer/SledgeStageTwo.thy"
               }
            }
         ],
         "exports":[
            
         ],
         "status":{
            "percentage":100,
            "unprocessed":0,
            "running":0,
            "finished":41,
            "failed":10,
            "total":51,
            "consolidated":true,
            "canceled":false,
            "ok":false,
            "warned":0
         },
         "theory_name":"Draft.SledgeStageTwo",
         "node_name":"/tmp/isabelle-achmad.afriza/server_session16237612311156000983/Veritest/test/sledgehammer/SledgeStageTwo.thy"
      }
   ],
   "task":"ee10f05d-7a1e-4590-a3c0-50e4bf225f2e"
}